<?xml version="1.0" encoding="UTF-8"?>
<!-- Generated by org.testng.reporters.JUnitXMLReporter -->
<testsuite hostname="DESKTOP-VRC1QPS" ignored="1" name="Default test" tests="1" failures="0" timestamp="30 Jun 2019 00:52:03 GMT" time="15.995" errors="0">
  <testcase name="testSortProductPopularity" time="9.196" classname="scripts.TestScripts"/>
  <testcase name="testSortProductPriceLtoH" time="0.0" classname="scripts.TestScripts">
    <ignored/>
  </testcase> <!-- testSortProductPriceLtoH -->
</testsuite> <!-- Default test -->
